  test.cpp
D:\Cpp\STL模拟实现\stack&queue\stack&queue\priority_queue.h(72,1): warning C4267: “参数”: 从“size_t”转换到“int”，可能丢失数据
D:\Cpp\STL模拟实现\stack&queue\stack&queue\priority_queue.h(70,1): message : 在编译 类 模板 成员函数“void my_priority_queue::priority_queue<int,std::vector<T,std::allocator<T>>,my_priority_queue::Less<T>>::push(const T &)”时
          with
          [
              T=int
          ]
D:\Cpp\STL模拟实现\stack&queue\stack&queue\test.cpp(30,10): message : 查看对正在编译的函数 模板 实例化“void my_priority_queue::priority_queue<int,std::vector<T,std::allocator<T>>,my_priority_queue::Less<T>>::push(const T &)”的引用
          with
          [
              T=int
          ]
D:\Cpp\STL模拟实现\stack&queue\stack&queue\test.cpp(29,41): message : 查看对正在编译的 类 模板 实例化“my_priority_queue::priority_queue<int,std::vector<T,std::allocator<T>>,my_priority_queue::Less<T>>”的引用
          with
          [
              T=int
          ]
D:\Cpp\STL模拟实现\stack&queue\stack&queue\priority_queue.h(29,1): warning C4267: “=”: 从“size_t”转换到“int”，可能丢失数据
D:\Cpp\STL模拟实现\stack&queue\stack&queue\priority_queue.h(21,1): message : 在编译 类 模板 成员函数“void my_priority_queue::priority_queue<int,std::vector<T,std::allocator<T>>,my_priority_queue::Less<T>>::AdjustDown(int)”时
          with
          [
              T=int
          ]
D:\Cpp\STL模拟实现\stack&queue\stack&queue\priority_queue.h(68,14): message : 查看对正在编译的函数 模板 实例化“void my_priority_queue::priority_queue<int,std::vector<T,std::allocator<T>>,my_priority_queue::Less<T>>::AdjustDown(int)”的引用
          with
          [
              T=int
          ]
  stack&queue.vcxproj -> D:\Cpp\STL模拟实现\stack&queue\x64\Debug\stack&queue.exe
